This is pdfeTeX, Version 3.141592-1.21a-2.2 (Web2C 7.5.4) (format=latex 2007.7.19)  1 AUG 2007 19:05
entering extended mode
**market_eq
(./market_eq.tex
LaTeX2e <2003/12/01>
Babel <v3.8d> and hyphenation patterns for american, french, german, ngerman, b
ahasa, basque, bulgarian, catalan, croatian, czech, danish, dutch, esperanto, e
stonian, finnish, greek, icelandic, irish, italian, latin, magyar, norsk, polis
h, portuges, romanian, russian, serbian, slovak, slovene, spanish, swedish, tur
kish, ukrainian, nohyphenation, loaded.
(/usr/share/texmf/tex/latex/base/article.cls
Document Class: article 2004/02/16 v1.4f Standard LaTeX document class
(/usr/share/texmf/tex/latex/base/size12.clo
File: size12.clo 2004/02/16 v1.4f Standard LaTeX file (size option)
)
\c@part=\count79
\c@section=\count80
\c@subsection=\count81
\c@subsubsection=\count82
\c@paragraph=\count83
\c@subparagraph=\count84
\c@figure=\count85
\c@table=\count86
\abovecaptionskip=\skip41
\belowcaptionskip=\skip42
\bibindent=\dimen102
)
(/usr/share/texmf/tex/latex/preprint/fullpage.sty
Package: fullpage 1999/02/23 1.1 (PWD)
\FP@margin=\skip43
)
(/usr/share/texmf/tex/latex/graphics/graphicx.sty
Package: graphicx 1999/02/16 v1.0f Enhanced LaTeX Graphics (DPC,SPQR)

(/usr/share/texmf/tex/latex/graphics/keyval.sty
Package: keyval 1999/03/16 v1.13 key=value parser (DPC)
\KV@toks@=\toks14
)
(/usr/share/texmf/tex/latex/graphics/graphics.sty
Package: graphics 2001/07/07 v1.0n Standard LaTeX Graphics (DPC,SPQR)

(/usr/share/texmf/tex/latex/graphics/trig.sty
Package: trig 1999/03/16 v1.09 sin cos tan (DPC)
)
(/usr/share/texmf/tex/latex/graphics/graphics.cfg
File: graphics.cfg 2005/02/03 v1.3 graphics configuration of teTeX/TeXLive
)
Package graphics Info: Driver file: dvips.def on input line 80.

(/usr/share/texmf/tex/latex/graphics/dvips.def
File: dvips.def 1999/02/16 v3.0i Driver-dependant file (DPC,SPQR)
))
\Gin@req@height=\dimen103
\Gin@req@width=\dimen104
)
(/usr/share/texmf/tex/latex/psfrag/psfrag.sty
Package: psfrag 1998/04/11 v3.04 PSfrag (MCG)
\pfg@pcount=\count87
\pfg@scount=\count88
\pfg@temp=\write3
)
(/usr/share/texmf/tex/latex/graphics/color.sty
Package: color 1999/02/16 v1.0i Standard LaTeX Color (DPC)

(/usr/share/texmf/tex/latex/graphics/color.cfg
File: color.cfg 2005/02/03 v1.3 color configuration of teTeX/TeXLive
)
Package color Info: Driver file: dvips.def on input line 125.

(/usr/share/texmf/tex/latex/graphics/dvipsnam.def
File: dvipsnam.def 1999/02/16 v3.0i Driver-dependant file (DPC,SPQR)
)) (/home/boyd/tex/defs.tex
\c@theorem=\count89
\c@oursection=\count90
\c@lecture=\count91
)
(./market_eq.aux)
\openout1 = `market_eq.aux'.

LaTeX Font Info:    Checking defaults for OML/cmm/m/it on input line 11.
LaTeX Font Info:    ... okay on input line 11.
LaTeX Font Info:    Checking defaults for T1/cmr/m/n on input line 11.
LaTeX Font Info:    ... okay on input line 11.
LaTeX Font Info:    Checking defaults for OT1/cmr/m/n on input line 11.
LaTeX Font Info:    ... okay on input line 11.
LaTeX Font Info:    Checking defaults for OMS/cmsy/m/n on input line 11.
LaTeX Font Info:    ... okay on input line 11.
LaTeX Font Info:    Checking defaults for OMX/cmex/m/n on input line 11.
LaTeX Font Info:    ... okay on input line 11.
LaTeX Font Info:    Checking defaults for U/cmr/m/n on input line 11.
LaTeX Font Info:    ... okay on input line 11.
LaTeX Font Info:    External font `cmex10' loaded for size
(Font)              <14.4> on input line 13.
LaTeX Font Info:    External font `cmex10' loaded for size
(Font)              <7> on input line 13.
LaTeX Font Info:    External font `cmex10' loaded for size
(Font)              <12> on input line 17.
LaTeX Font Info:    External font `cmex10' loaded for size
(Font)              <8> on input line 17.
LaTeX Font Info:    External font `cmex10' loaded for size
(Font)              <6> on input line 17.
LaTeX Font Info:    Try loading font information for OMS+cmr on input line 27.
 (/usr/share/texmf/tex/latex/base/omscmr.fd
File: omscmr.fd 1999/05/25 v2.5h Standard LaTeX font definitions
)
LaTeX Font Info:    Font shape `OMS/cmr/m/n' in size <12> not available
(Font)              Font shape `OMS/cmsy/m/n' tried instead on input line 27.
 [1

]
File: matlab/agent_res.eps Graphic file (type eps)

<matlab/agent_res.eps>
File: matlab/sparsity.eps Graphic file (type eps)
 <matlab/sparsity.eps> [2] [3] [4] (./market_eq.aux) ) 
Here is how much of TeX's memory you used:
 970 strings out of 94500
 11547 string characters out of 1176732
 60629 words of memory out of 1000000
 4167 multiletter control sequences out of 10000+50000
 9456 words of font info for 33 fonts, out of 500000 for 2000
 580 hyphenation exceptions out of 1000
 25i,9n,19p,224b,299s stack positions out of 1500i,500n,5000p,200000b,5000s

Output written on market_eq.dvi (4 pages, 11172 bytes).
